OxCal v4.4.2 Bronk Ramsey (2020); r:5
Atmospheric data from Reimer et al (2020)
100
OxCal v4.4.2 Bronk Ramsey (2020); r:5
Exp(1,-10,0)
  68.3% probability
    -1 (68.3%) -0
  95.4% probability
    -3 (95.4%) -0
U(0,3)
  68.3% probability
    0 (68.3%) 3
  95.4% probability
    0 (95.4%) 3
Charcoal Outlier_Model()
IntCal20 Curve(intcal20.14c)
Atmospheric data from Reimer et al (2020)
SC_colonization Prior(Morisson_etal_Tutuila_IFD_Final/SC_colonization.prior)
  68.3% probability
    962BC (68.3%) 865BC
  95.4% probability
    1054BC (95.4%) 835BC
( After 
After()
  68.3% probability
    -900 (68.3%) ...
  95.4% probability
    -855 (95.4%) ...
) After 
Start LU-8745_v2 Boundary()
WK-11500 R_Date(1289,39)
  68.3% probability
    671AD (30.0%) 707AD
    725AD (38.3%) 772AD
  95.4% probability
    655AD (87.7%) 778AD
    788AD ( 7.7%) 827AD
WK-15690 R_Date(1287,34)
  68.3% probability
    674AD (30.1%) 707AD
    729AD (38.1%) 771AD
  95.4% probability
    659AD (90.7%) 777AD
    791AD ( 4.7%) 821AD
WK-15686 R_Date(1226,33)
  68.3% probability
    707AD (10.8%) 725AD
    785AD (38.6%) 835AD
    846AD (18.9%) 877AD
  95.4% probability
    681AD (24.9%) 745AD
    760AD (70.6%) 887AD
WK-15685 R_Date(1213,33)
  68.3% probability
    784AD (68.3%) 878AD
  95.4% probability
    684AD (15.0%) 744AD
    771AD (80.5%) 893AD
WK-11501 R_Date(1195,41)
  68.3% probability
    777AD (68.3%) 886AD
  95.4% probability
    688AD ( 9.4%) 742AD
    771AD (75.3%) 902AD
    916AD (10.7%) 975AD
( Phase 1
1 Phase()
) Phase 1
End LU-8745_v2 Boundary()
C_Date(1830)
  68.3% probability
    1829AD (68.3%) 1830AD
  95.4% probability
    1829AD (95.4%) 1830AD
( Before 
Before()
  68.3% probability
    ... (68.3%) 1830
  95.4% probability
    ... (95.4%) 1830
) Before 
( Sequence LU-8745_v2
LU-8745_v2 Sequence()
) Sequence LU-8745_v2
Posterior 
( MCMC(100000)
Overall agreement  95.2%
Dynamic agreement  96.2%
Charcoal Posterior 
  68.3% probability
    -21 (68.3%) 2
  95.4% probability
    -115 (95.4%) 2
Posterior 
Posterior 
  68.3% probability
    0 (68.3%) 1
  95.4% probability
    0 (95.4%) 2
 Agreement 100.0%
SC_colonization Posterior 
  68.3% probability
    962BC (68.3%) 864BC
  95.4% probability
    1055BC (95.4%) 835BC
 Agreement  99.6%
Start LU-8745_v2 Posterior 
  68.3% probability
    663AD (62.6%) 781AD
    787AD ( 5.6%) 802AD
  95.4% probability
    550AD (95.4%) 885AD
WK-11500 Posterior 
  68.3% probability
    709AD (49.7%) 785AD
    791AD (18.6%) 826AD
  95.4% probability
    672AD (95.4%) 888AD
 Agreement  94.2%
WK-15690 Posterior 
  68.3% probability
    706AD (51.9%) 785AD
    792AD (16.4%) 825AD
  95.4% probability
    673AD (95.4%) 884AD
 Agreement  93.8%
WK-15686 Posterior 
  68.3% probability
    713AD (14.5%) 741AD
    775AD (53.8%) 851AD
  95.4% probability
    691AD (95.4%) 905AD
 Agreement 102.0%
WK-15685 Posterior 
  68.3% probability
    717AD ( 6.4%) 731AD
    777AD (61.9%) 867AD
  95.4% probability
    696AD (95.4%) 910AD
 Agreement  97.7%
WK-11501 Posterior 
  68.3% probability
    718AD ( 4.2%) 728AD
    776AD (64.1%) 872AD
  95.4% probability
    695AD (95.4%) 922AD
 Agreement  99.2%
End LU-8745_v2 Posterior 
  68.3% probability
    794AD (68.3%) 929AD
  95.4% probability
    711AD (95.4%) 1053AD
Posterior 
  68.3% probability
    1829AD (68.3%) 1830AD
  95.4% probability
    1829AD (95.4%) 1830AD
 Agreement 100.0%
) MCMC(1600000)
