OxCal v4.4.2 Bronk Ramsey (2020); r:5
Atmospheric data from Reimer et al (2020)
100
OxCal v4.4.2 Bronk Ramsey (2020); r:5
Exp(1,-10,0)
  68.3% probability
    -1 (68.3%) -0
  95.4% probability
    -3 (95.4%) -0
U(0,3)
  68.3% probability
    0 (68.3%) 3
  95.4% probability
    0 (95.4%) 3
Charcoal Outlier_Model()
IntCal20 Curve(intcal20.14c)
Atmospheric data from Reimer et al (2020)
SC_colonization Prior(Morisson_etal_Tutuila_IFD_Final/SC_colonization.prior)
  68.3% probability
    962BC (68.3%) 865BC
  95.4% probability
    1054BC (95.4%) 835BC
( After 
After()
  68.3% probability
    -900 (68.3%) ...
  95.4% probability
    -855 (95.4%) ...
) After 
Start LU-9497_v2 Boundary()
Beta-308720 R_Date(2220,30)
  68.3% probability
    361BC ( 8.2%) 348BC
    313BC (25.3%) 272BC
    266BC (34.8%) 205BC
  95.4% probability
    385BC (95.4%) 197BC
Beta-308719 R_Date(2230,30)
  68.3% probability
    367BC (10.8%) 351BC
    294BC (57.5%) 209BC
  95.4% probability
    387BC (22.5%) 341BC
    323BC (72.9%) 200BC
Beta-308721 R_Date(2230,30)
  68.3% probability
    367BC (10.8%) 351BC
    294BC (57.5%) 209BC
  95.4% probability
    387BC (22.5%) 341BC
    323BC (72.9%) 200BC
Beta-308717 R_Date(2220,30)
  68.3% probability
    361BC ( 8.2%) 348BC
    313BC (25.3%) 272BC
    266BC (34.8%) 205BC
  95.4% probability
    385BC (95.4%) 197BC
Beta-308718 R_Date(2220,30)
  68.3% probability
    361BC ( 8.2%) 348BC
    313BC (25.3%) 272BC
    266BC (34.8%) 205BC
  95.4% probability
    385BC (95.4%) 197BC
( Phase 1
1 Phase()
) Phase 1
End LU-9497_v2 Boundary()
C_Date(1830)
  68.3% probability
    1829AD (68.3%) 1830AD
  95.4% probability
    1829AD (95.4%) 1830AD
( Before 
Before()
  68.3% probability
    ... (68.3%) 1830
  95.4% probability
    ... (95.4%) 1830
) Before 
( Sequence LU-9497_v2
LU-9497_v2 Sequence()
) Sequence LU-9497_v2
Posterior 
( MCMC(100000)
Overall agreement 112.1%
Dynamic agreement 113.3%
Charcoal Posterior 
  68.3% probability
    -14 (68.3%) 2
  95.4% probability
    -72 (95.4%) 2
Posterior 
Posterior 
  68.3% probability
    0 (65.8%) 1
    1 ( 2.5%) 1
  95.4% probability
    0 (95.4%) 2
 Agreement 100.0%
SC_colonization Posterior 
  68.3% probability
    962BC (68.3%) 864BC
  95.4% probability
    1055BC (95.4%) 835BC
 Agreement  99.5%
Start LU-9497_v2 Posterior 
  68.3% probability
    328BC (68.3%) 226BC
  95.4% probability
    425BC (95.4%) 206BC
Beta-308720 Posterior 
  68.3% probability
    290BC (68.3%) 208BC
  95.4% probability
    367BC ( 5.8%) 342BC
    323BC (89.6%) 197BC
 Agreement 107.5%
Beta-308719 Posterior 
  68.3% probability
    288BC (68.3%) 209BC
  95.4% probability
    370BC ( 6.8%) 336BC
    321BC (88.6%) 185BC
 Agreement 106.3%
Beta-308721 Posterior 
  68.3% probability
    288BC (68.3%) 209BC
  95.4% probability
    370BC ( 6.8%) 336BC
    321BC (88.6%) 185BC
 Agreement 106.3%
Beta-308717 Posterior 
  68.3% probability
    290BC (68.3%) 209BC
  95.4% probability
    367BC ( 6.3%) 336BC
    323BC (89.1%) 187BC
 Agreement 106.8%
Beta-308718 Posterior 
  68.3% probability
    290BC (68.3%) 208BC
  95.4% probability
    366BC ( 6.3%) 336BC
    323BC (89.2%) 186BC
 Agreement 106.8%
End LU-9497_v2 Posterior 
  68.3% probability
    266BC (68.3%) 176BC
  95.4% probability
    359BC ( 2.5%) 332BC
    309BC (93.0%) 92BC
Posterior 
  68.3% probability
    1829AD (68.3%) 1830AD
  95.4% probability
    1829AD (95.4%) 1830AD
 Agreement 100.0%
) MCMC(800000)
