OxCal v4.4.2 Bronk Ramsey (2020); r:5
Atmospheric data from Reimer et al (2020)
100
OxCal v4.4.2 Bronk Ramsey (2020); r:5
Exp(1,-10,0)
  68.3% probability
    -1 (68.3%) -0
  95.4% probability
    -3 (95.4%) -0
U(0,3)
  68.3% probability
    0 (68.3%) 3
  95.4% probability
    0 (95.4%) 3
Charcoal Outlier_Model()
IntCal20 Curve(intcal20.14c)
Atmospheric data from Reimer et al (2020)
SC_colonization Prior(Morisson_etal_Tutuila_IFD_Final/SC_colonization.prior)
  68.3% probability
    962BC (68.3%) 865BC
  95.4% probability
    1054BC (95.4%) 835BC
( After 
After()
  68.3% probability
    -900 (68.3%) ...
  95.4% probability
    -855 (95.4%) ...
) After 
Start LU-984_v2 Boundary()
Beta-310256 R_Date(1130,30)
  68.3% probability
    889AD (12.0%) 902AD
    915AD (56.3%) 976AD
  95.4% probability
    774AD ( 3.0%) 786AD
    831AD ( 3.5%) 851AD
    875AD (88.9%) 994AD
Beta-310255 R_Date(930,30)
  68.3% probability
    1045AD (31.3%) 1086AD
    1093AD ( 8.3%) 1105AD
    1120AD (28.7%) 1160AD
  95.4% probability
    1032AD (93.2%) 1178AD
    1192AD ( 2.3%) 1203AD
( Phase 1
1 Phase()
) Phase 1
End LU-984_v2 Boundary()
C_Date(1830)
  68.3% probability
    1829AD (68.3%) 1830AD
  95.4% probability
    1829AD (95.4%) 1830AD
( Before 
Before()
  68.3% probability
    ... (68.3%) 1830
  95.4% probability
    ... (95.4%) 1830
) Before 
( Sequence LU-984_v2
LU-984_v2 Sequence()
) Sequence LU-984_v2
Posterior 
( MCMC(100000)
Overall agreement 101.3%
Dynamic agreement 101.3%
Charcoal Posterior 
  68.3% probability
    -55 (68.3%) 2
  95.4% probability
    -321 (95.4%) 2
Posterior 
Posterior 
  68.3% probability
    0 ( 2.6%) 0
    0 (12.3%) 0
    1 ( 1.3%) 1
    1 ( 1.8%) 1
    1 ( 8.2%) 1
    1 ( 3.9%) 1
    1 (38.2%) 2
  95.4% probability
    0 (95.4%) 3
 Agreement 100.0%
SC_colonization Posterior 
  68.3% probability
    962BC (68.3%) 865BC
  95.4% probability
    1056BC (95.4%) 834BC
 Agreement  99.7%
Start LU-984_v2 Posterior 
  68.3% probability
    412AD (68.3%) 1120AD
  95.4% probability
    668BC ( 0.1%) 659BC
    614BC (95.2%) 1268AD
    1278AD ( 0.2%) 1291AD
Beta-310256 Posterior 
  68.3% probability
    886AD (68.3%) 1034AD
  95.4% probability
    777AD ( 0.9%) 795AD
    827AD (94.6%) 1332AD
 Agreement 101.9%
Beta-310255 Posterior 
  68.3% probability
    1047AD (68.3%) 1171AD
  95.4% probability
    1029AD (95.4%) 1352AD
 Agreement 101.3%
End LU-984_v2 Posterior 
  68.3% probability
    1084AD (68.0%) 1486AD
    1509AD ( 0.3%) 1511AD
  95.4% probability
    1065AD (95.1%) 1773AD
    1784AD ( 0.3%) 1788AD
Posterior 
  68.3% probability
    1829AD (68.3%) 1830AD
  95.4% probability
    1829AD (95.4%) 1830AD
 Agreement 100.0%
) MCMC(1600000)
